------------- Start Heikin Ashin strategy at 2025-02-09 15:15:08.167610 
Solde du compte : 89.264873074079 USDT
Traitement du token ETH/USDT pour la Timeframe 15m
Heure : 2025-02-09 15:15:00
Heure : 2024-08-09 15:15:00
Fetch OHLCV pour ETH/USDT:USDT-15m
Date de la première bougie : 2025-01-30 05:30:00 - Open : 3185.24 - Close : 3187.68
Date de la dernière bougie : 2025-02-09 15:15:00 - Open : 2637.78 - Close : 2638.38
Trades sauvegardés dans /home/cridel/projects/trading/bot/python/live/HeikinAshiStrategy/dataframe/ETH_USDT_15m_20250209_151510.csv
Ordre long déja actif pour la paire ETH/USDT : False
Ordre short déja actif pour la paire ETH/USDT : True
Condition Long : False
Condition Short : False
Pas d'actions a entreprendre
------------- End Heikin Ashin strategy at 2025-02-09 15:15:11.160223 
------------- Start Heikin Ashin strategy at 2025-02-09 15:30:07.637200 
Solde du compte : 89.204873074079 USDT
Traitement du token ETH/USDT pour la Timeframe 15m
Heure : 2025-02-09 15:30:00
Heure : 2024-08-09 15:30:00
Fetch OHLCV pour ETH/USDT:USDT-15m
Date de la première bougie : 2025-01-30 05:45:00 - Open : 3187.68 - Close : 3193.76
Date de la dernière bougie : 2025-02-09 15:30:00 - Open : 2641.65 - Close : 2642.31
Trades sauvegardés dans /home/cridel/projects/trading/bot/python/live/HeikinAshiStrategy/dataframe/ETH_USDT_15m_20250209_153010.csv
Ordre long déja actif pour la paire ETH/USDT : False
Ordre short déja actif pour la paire ETH/USDT : True
Condition Long : False
Condition Short : False
Pas d'actions a entreprendre
------------- End Heikin Ashin strategy at 2025-02-09 15:30:10.654548 
------------- Start Heikin Ashin strategy at 2025-02-09 15:45:08.183163 
Solde du compte : 88.956073074079 USDT
Traitement du token ETH/USDT pour la Timeframe 15m
Heure : 2025-02-09 15:45:00
Heure : 2024-08-09 15:45:00
Fetch OHLCV pour ETH/USDT:USDT-15m
Date de la première bougie : 2025-01-30 06:00:00 - Open : 3193.76 - Close : 3196.8
Date de la dernière bougie : 2025-02-09 15:45:00 - Open : 2652.06 - Close : 2653.85
Trades sauvegardés dans /home/cridel/projects/trading/bot/python/live/HeikinAshiStrategy/dataframe/ETH_USDT_15m_20250209_154511.csv
Ordre long déja actif pour la paire ETH/USDT : False
Ordre short déja actif pour la paire ETH/USDT : True
Condition Long : True
Condition Short : False
Fermeture des positions pour ETH/USDT
Position short fermée pour ETH/USDT:USDT - short - 0.02 - 2631.71
Ouverture d'une position longue pour ETH/USDT/15m - Taille de la position : 71.1648584592632$ (0.02680701788868208 ETH/USDT)
------------- End Heikin Ashin strategy at 2025-02-09 15:45:14.112931 
------------- Start Heikin Ashin strategy at 2025-02-09 16:00:07.776919 
Solde du compte : 88.883600234079 USDT
Traitement du token ETH/USDT pour la Timeframe 15m
Heure : 2025-02-09 16:00:00
Heure : 2024-08-09 16:00:00
Fetch OHLCV pour ETH/USDT:USDT-15m
Date de la première bougie : 2025-01-30 06:15:00 - Open : 3196.8 - Close : 3193.35
Date de la dernière bougie : 2025-02-09 16:00:00 - Open : 2651.89 - Close : 2651.01
Trades sauvegardés dans /home/cridel/projects/trading/bot/python/live/HeikinAshiStrategy/dataframe/ETH_USDT_15m_20250209_160010.csv
Ordre long déja actif pour la paire ETH/USDT : True
Ordre short déja actif pour la paire ETH/USDT : False
Condition Long : False
Condition Short : False
Pas d'actions a entreprendre
------------- End Heikin Ashin strategy at 2025-02-09 16:00:11.058716 
------------- Start Heikin Ashin strategy at 2025-02-09 16:15:07.509227 
Solde du compte : 89.124483309079 USDT
Traitement du token ETH/USDT pour la Timeframe 15m
Heure : 2025-02-09 16:15:00
Heure : 2024-08-09 16:15:00
Fetch OHLCV pour ETH/USDT:USDT-15m
Date de la première bougie : 2025-01-30 06:30:00 - Open : 3193.35 - Close : 3188.24
Date de la dernière bougie : 2025-02-09 16:15:00 - Open : 2664.98 - Close : 2662.68
Trades sauvegardés dans /home/cridel/projects/trading/bot/python/live/HeikinAshiStrategy/dataframe/ETH_USDT_15m_20250209_161510.csv
Ordre long déja actif pour la paire ETH/USDT : True
Ordre short déja actif pour la paire ETH/USDT : False
Condition Long : False
Condition Short : False
Pas d'actions a entreprendre
------------- End Heikin Ashin strategy at 2025-02-09 16:15:10.463337 
------------- Start Heikin Ashin strategy at 2025-02-09 16:30:07.931273 
Solde du compte : 88.926483309079 USDT
Traitement du token ETH/USDT pour la Timeframe 15m
Heure : 2025-02-09 16:30:00
Heure : 2024-08-09 16:30:00
Fetch OHLCV pour ETH/USDT:USDT-15m
Date de la première bougie : 2025-01-30 06:45:00 - Open : 3188.24 - Close : 3184.69
Date de la dernière bougie : 2025-02-09 16:30:00 - Open : 2654.12 - Close : 2654.27
Trades sauvegardés dans /home/cridel/projects/trading/bot/python/live/HeikinAshiStrategy/dataframe/ETH_USDT_15m_20250209_163010.csv
Ordre long déja actif pour la paire ETH/USDT : True
Ordre short déja actif pour la paire ETH/USDT : False
Condition Long : False
Condition Short : False
Pas d'actions a entreprendre
------------- End Heikin Ashin strategy at 2025-02-09 16:30:11.032210 
------------- Start Heikin Ashin strategy at 2025-02-09 16:45:07.671737 
Solde du compte : 88.951683309079 USDT
Traitement du token ETH/USDT pour la Timeframe 15m
Heure : 2025-02-09 16:45:00
Heure : 2024-08-09 16:45:00
Fetch OHLCV pour ETH/USDT:USDT-15m
Date de la première bougie : 2025-01-30 07:00:00 - Open : 3184.69 - Close : 3180.29
Date de la dernière bougie : 2025-02-09 16:45:00 - Open : 2655.28 - Close : 2654.88
Trades sauvegardés dans /home/cridel/projects/trading/bot/python/live/HeikinAshiStrategy/dataframe/ETH_USDT_15m_20250209_164510.csv
Ordre long déja actif pour la paire ETH/USDT : True
Ordre short déja actif pour la paire ETH/USDT : False
Condition Long : False
Condition Short : False
Pas d'actions a entreprendre
------------- End Heikin Ashin strategy at 2025-02-09 16:45:10.839350 
------------- Start Heikin Ashin strategy at 2025-02-09 17:00:07.403042 
Solde du compte : 89.023883309079 USDT
Traitement du token ETH/USDT pour la Timeframe 15m
Heure : 2025-02-09 17:00:00
Heure : 2024-08-09 17:00:00
Fetch OHLCV pour ETH/USDT:USDT-15m
Date de la première bougie : 2025-01-30 07:15:00 - Open : 3180.29 - Close : 3185.61
Date de la dernière bougie : 2025-02-09 17:00:00 - Open : 2658.14 - Close : 2658.52
Trades sauvegardés dans /home/cridel/projects/trading/bot/python/live/HeikinAshiStrategy/dataframe/ETH_USDT_15m_20250209_170010.csv
Ordre long déja actif pour la paire ETH/USDT : True
Ordre short déja actif pour la paire ETH/USDT : False
Condition Long : False
Condition Short : False
Pas d'actions a entreprendre
------------- End Heikin Ashin strategy at 2025-02-09 17:00:10.436684 
